<?xml version="1.0" encoding="UTF-8"?>
<!-- Generated by org.testng.reporters.JUnitReportReporter -->
<testsuite hostname="DESKTOP-8NCNP9F" failures="0" tests="1" name="com.TestNG.Demo" time="0.012" errors="0" timestamp="2021-08-19T14:48:57 IST" skipped="0">
  <testcase classname="com.TestNG.Demo" name="testNG" time="0.012"/>
  <system-out/>
</testsuite> <!-- com.TestNG.Demo -->
